\BOOKMARK [1][-]{section.1}{Introducci\363n}{}% 1
\BOOKMARK [2][-]{subsection.1.1}{Bubblesort}{section.1}% 2
\BOOKMARK [2][-]{subsection.1.2}{Quicksort}{section.1}% 3
\BOOKMARK [1][-]{section.2}{El programa}{}% 4
\BOOKMARK [2][-]{subsection.2.1}{Compilado}{section.2}% 5
\BOOKMARK [2][-]{subsection.2.2}{Uso}{section.2}% 6
\BOOKMARK [1][-]{section.3}{Desarrollo}{}% 7
\BOOKMARK [2][-]{subsection.3.1}{Estructura interna del programa}{section.3}% 8
\BOOKMARK [2][-]{subsection.3.2}{Aclaraciones}{section.3}% 9
\BOOKMARK [2][-]{subsection.3.3}{Mediciones de tiempo de ejecuci\363n}{section.3}% 10
\BOOKMARK [3][-]{subsubsection.3.3.1}{Resultado de las ejecuciones}{subsection.3.3}% 11
\BOOKMARK [3][-]{subsubsection.3.3.2}{Gr\341ficos comparando los swaps de los sort}{subsection.3.3}% 12
\BOOKMARK [3][-]{subsubsection.3.3.3}{Gr\341ficos comparando los compare de los sort}{subsection.3.3}% 13
\BOOKMARK [3][-]{subsubsection.3.3.4}{Gr\341ficos comparando los tiempos de los sort por palabras}{subsection.3.3}% 14
\BOOKMARK [3][-]{subsubsection.3.3.5}{C\341lculo del Speedup}{subsection.3.3}% 15
\BOOKMARK [1][-]{section.4}{Conclusiones}{}% 16
\BOOKMARK [1][-]{section.5}{C\363digo}{}% 17
\BOOKMARK [2][-]{subsection.5.1}{sorters.h}{section.5}% 18
\BOOKMARK [2][-]{subsection.5.2}{sorters.c}{section.5}% 19
\BOOKMARK [2][-]{subsection.5.3}{main.c}{section.5}% 20
